
> hireveri-recruiter@0.1.0 dev
> next dev --port 3000

▲ Next.js 16.1.6 (Turbopack)
- Local:         http://localhost:3000
- Network:       http://192.168.0.104:3000
- Environments: .env.local

✓ Starting...
⚠ The "middleware" file convention is deprecated. Please use "proxy" instead. Learn more: https://nextjs.org/docs/messages/middleware-to-proxy
✓ Ready in 1614ms
○ Compiling /veris-insights ...
 GET /veris-insights 200 in 7.9s (compile: 6.8s, proxy.ts: 2ms, render: 1024ms)
✓ Compiled in 522ms
 GET /veris-insights 200 in 278ms (compile: 116ms, proxy.ts: 2ms, render: 159ms)
✓ Compiled in 501ms
✓ Compiled in 236ms
✓ Compiled in 286ms
✓ Compiled in 394ms
✓ Compiled in 264ms
✓ Compiled in 246ms
✓ Compiled in 297ms
✓ Finished writing to filesystem cache in 13.9s
✓ Finished writing to filesystem cache in 14.0s
✓ Finished writing to filesystem cache in 10.1s
